{"numFailedTestSuites":0,"numFailedTests":0,"numPassedTestSuites":1,"numPassedTests":7,"numPendingTestSuites":0,"numPendingTests":0,"numRuntimeErrorTestSuites":0,"numTotalTestSuites":1,"numTotalTests":7,"snapshot":{"added":0,"didUpdate":false,"failure":false,"filesAdded":0,"filesRemoved":0,"filesUnmatched":0,"filesUpdated":0,"matched":0,"total":0,"unchecked":0,"unmatched":0,"updated":0},"startTime":1617877602024,"success":true,"testResults":[{"assertionResults":[{"failureMessages":[],"status":"passed","title":"CBJT1-Create Booking component has a form"},{"failureMessages":[],"status":"passed","title":"CBJT2-Create Booking component has three fields (2 inputs & 1 dropdown)"},{"failureMessages":[],"status":"passed","title":"CBJT3-Create Booking component has a button"},{"failureMessages":[],"status":"passed","title":"CBJT4-Name prop of all the input fields is proper"},{"failureMessages":[],"status":"passed","title":"CBJT5-Error message tags for all the fields have proper name attribute"},{"failureMessages":[],"status":"passed","title":"CBJT6-form level success and error messages of CreateBooking component have proper name attribute"},{"failureMessages":[],"status":"passed","title":"CBJT7-All input fields of CreateBooking component have formcontrol class"}],"endTime":1617877609894,"message":"","name":"C:\\Users\\saisa\\Downloads\\FlightBookingtoTrainee\\FlightBooking-toTrainee\\flight-booking\\src\\App.test.js","startTime":1617877604713,"status":"passed","summary":""}],"wasInterrupted":false,"coverageMap":{"C:\\Users\\saisa\\Downloads\\FlightBookingtoTrainee\\FlightBooking-toTrainee\\flight-booking\\src\\setupTests.js":{"path":"C:\\Users\\saisa\\Downloads\\FlightBookingtoTrainee\\FlightBooking-toTrainee\\flight-booking\\src\\setupTests.js","statementMap":{"0":{"start":{"line":4,"column":0},"end":{"line":4,"column":38}}},"fnMap":{},"branchMap":{},"s":{"0":1},"f":{},"b":{},"_coverageSchema":"332fd63041d2c1bcb487cc26dd0d5f7d97098a6c","hash":"00b5bea9e82b520e58b925c5a83339f64a024b10"},"C:\\Users\\saisa\\Downloads\\FlightBookingtoTrainee\\FlightBooking-toTrainee\\flight-booking\\src\\components\\CreateBooking.js":{"path":"C:\\Users\\saisa\\Downloads\\FlightBookingtoTrainee\\FlightBooking-toTrainee\\flight-booking\\src\\components\\CreateBooking.js","statementMap":{"0":{"start":{"line":4,"column":12},"end":{"line":4,"column":47}},"1":{"start":{"line":5,"column":13},"end":{"line":5,"column":50}},"2":{"start":{"line":9,"column":4},"end":{"line":9,"column":17}},"3":{"start":{"line":10,"column":4},"end":{"line":31,"column":6}},"4":{"start":{"line":40,"column":12},"end":{"line":44,"column":4}},"5":{"start":{"line":45,"column":3},"end":{"line":54,"column":5}},"6":{"start":{"line":47,"column":5},"end":{"line":47,"column":81}},"7":{"start":{"line":50,"column":4},"end":{"line":53,"column":5}},"8":{"start":{"line":52,"column":6},"end":{"line":52,"column":95}},"9":{"start":{"line":62,"column":3},"end":{"line":76,"column":5}},"10":{"start":{"line":65,"column":4},"end":{"line":65,"column":44}},"11":{"start":{"line":68,"column":5},"end":{"line":75,"column":6}},"12":{"start":{"line":70,"column":7},"end":{"line":70,"column":78}},"13":{"start":{"line":74,"column":6},"end":{"line":74,"column":95}},"14":{"start":{"line":80,"column":2},"end":{"line":80,"column":23}},"15":{"start":{"line":85,"column":4},"end":{"line":85,"column":27}},"16":{"start":{"line":86,"column":4},"end":{"line":86,"column":24}},"17":{"start":{"line":96,"column":19},"end":{"line":96,"column":31}},"18":{"start":{"line":97,"column":14},"end":{"line":97,"column":29}},"19":{"start":{"line":98,"column":2},"end":{"line":98,"column":21}},"20":{"start":{"line":99,"column":2},"end":{"line":99,"column":31}},"21":{"start":{"line":100,"column":2},"end":{"line":100,"column":32}},"22":{"start":{"line":105,"column":11},"end":{"line":105,"column":13}},"23":{"start":{"line":106,"column":25},"end":{"line":106,"column":59}},"24":{"start":{"line":107,"column":18},"end":{"line":107,"column":38}},"25":{"start":{"line":108,"column":4},"end":{"line":146,"column":5}},"26":{"start":{"line":110,"column":10},"end":{"line":117,"column":12}},"27":{"start":{"line":112,"column":12},"end":{"line":112,"column":32}},"28":{"start":{"line":114,"column":15},"end":{"line":117,"column":12}},"29":{"start":{"line":116,"column":12},"end":{"line":116,"column":79}},"30":{"start":{"line":118,"column":11},"end":{"line":118,"column":46}},"31":{"start":{"line":119,"column":11},"end":{"line":119,"column":47}},"32":{"start":{"line":120,"column":11},"end":{"line":120,"column":68}},"33":{"start":{"line":122,"column":9},"end":{"line":146,"column":5}},"34":{"start":{"line":125,"column":8},"end":{"line":128,"column":9}},"35":{"start":{"line":127,"column":10},"end":{"line":127,"column":31}},"36":{"start":{"line":129,"column":8},"end":{"line":129,"column":41}},"37":{"start":{"line":130,"column":8},"end":{"line":130,"column":42}},"38":{"start":{"line":131,"column":8},"end":{"line":131,"column":65}},"39":{"start":{"line":135,"column":8},"end":{"line":142,"column":9}},"40":{"start":{"line":137,"column":10},"end":{"line":137,"column":30}},"41":{"start":{"line":139,"column":13},"end":{"line":142,"column":9}},"42":{"start":{"line":141,"column":10},"end":{"line":141,"column":71}},"43":{"start":{"line":143,"column":8},"end":{"line":143,"column":45}},"44":{"start":{"line":144,"column":8},"end":{"line":144,"column":46}},"45":{"start":{"line":145,"column":8},"end":{"line":145,"column":65}},"46":{"start":{"line":147,"column":4},"end":{"line":147,"column":90}},"47":{"start":{"line":148,"column":4},"end":{"line":148,"column":40}},"48":{"start":{"line":152,"column":4},"end":{"line":198,"column":6}},"49":{"start":{"line":176,"column":54},"end":{"line":176,"column":96}}},"fnMap":{"0":{"name":"(anonymous_0)","decl":{"start":{"line":8,"column":2},"end":{"line":8,"column":3}},"loc":{"start":{"line":8,"column":21},"end":{"line":33,"column":3}},"line":8},"1":{"name":"(anonymous_1)","decl":{"start":{"line":35,"column":18},"end":{"line":35,"column":19}},"loc":{"start":{"line":35,"column":24},"end":{"line":55,"column":3}},"line":35},"2":{"name":"(anonymous_2)","decl":{"start":{"line":45,"column":29},"end":{"line":45,"column":30}},"loc":{"start":{"line":46,"column":3},"end":{"line":48,"column":4}},"line":46},"3":{"name":"(anonymous_3)","decl":{"start":{"line":48,"column":12},"end":{"line":48,"column":13}},"loc":{"start":{"line":49,"column":3},"end":{"line":54,"column":4}},"line":49},"4":{"name":"(anonymous_4)","decl":{"start":{"line":57,"column":19},"end":{"line":57,"column":20}},"loc":{"start":{"line":57,"column":25},"end":{"line":77,"column":3}},"line":57},"5":{"name":"(anonymous_5)","decl":{"start":{"line":62,"column":24},"end":{"line":62,"column":25}},"loc":{"start":{"line":63,"column":3},"end":{"line":66,"column":4}},"line":63},"6":{"name":"(anonymous_6)","decl":{"start":{"line":66,"column":12},"end":{"line":66,"column":13}},"loc":{"start":{"line":67,"column":3},"end":{"line":76,"column":4}},"line":67},"7":{"name":"(anonymous_7)","decl":{"start":{"line":78,"column":0},"end":{"line":78,"column":1}},"loc":{"start":{"line":79,"column":0},"end":{"line":81,"column":1}},"line":79},"8":{"name":"(anonymous_8)","decl":{"start":{"line":82,"column":17},"end":{"line":82,"column":18}},"loc":{"start":{"line":82,"column":26},"end":{"line":89,"column":3}},"line":82},"9":{"name":"(anonymous_9)","decl":{"start":{"line":91,"column":17},"end":{"line":91,"column":18}},"loc":{"start":{"line":91,"column":26},"end":{"line":101,"column":3}},"line":91},"10":{"name":"(anonymous_10)","decl":{"start":{"line":103,"column":18},"end":{"line":103,"column":19}},"loc":{"start":{"line":103,"column":40},"end":{"line":149,"column":3}},"line":103},"11":{"name":"(anonymous_11)","decl":{"start":{"line":151,"column":2},"end":{"line":151,"column":3}},"loc":{"start":{"line":151,"column":11},"end":{"line":199,"column":3}},"line":151},"12":{"name":"(anonymous_12)","decl":{"start":{"line":176,"column":46},"end":{"line":176,"column":47}},"loc":{"start":{"line":176,"column":53},"end":{"line":176,"column":97}},"line":176}},"branchMap":{"0":{"loc":{"start":{"line":50,"column":4},"end":{"line":53,"column":5}},"type":"if","locations":[{"start":{"line":50,"column":4},"end":{"line":53,"column":5}},{"start":{"line":50,"column":4},"end":{"line":53,"column":5}}],"line":50},"1":{"loc":{"start":{"line":68,"column":5},"end":{"line":75,"column":6}},"type":"if","locations":[{"start":{"line":68,"column":5},"end":{"line":75,"column":6}},{"start":{"line":68,"column":5},"end":{"line":75,"column":6}}],"line":68},"2":{"loc":{"start":{"line":108,"column":4},"end":{"line":146,"column":5}},"type":"if","locations":[{"start":{"line":108,"column":4},"end":{"line":146,"column":5}},{"start":{"line":108,"column":4},"end":{"line":146,"column":5}}],"line":108},"3":{"loc":{"start":{"line":110,"column":10},"end":{"line":117,"column":12}},"type":"if","locations":[{"start":{"line":110,"column":10},"end":{"line":117,"column":12}},{"start":{"line":110,"column":10},"end":{"line":117,"column":12}}],"line":110},"4":{"loc":{"start":{"line":114,"column":15},"end":{"line":117,"column":12}},"type":"if","locations":[{"start":{"line":114,"column":15},"end":{"line":117,"column":12}},{"start":{"line":114,"column":15},"end":{"line":117,"column":12}}],"line":114},"5":{"loc":{"start":{"line":118,"column":32},"end":{"line":118,"column":46}},"type":"cond-expr","locations":[{"start":{"line":118,"column":36},"end":{"line":118,"column":41}},{"start":{"line":118,"column":42},"end":{"line":118,"column":46}}],"line":118},"6":{"loc":{"start":{"line":122,"column":9},"end":{"line":146,"column":5}},"type":"if","locations":[{"start":{"line":122,"column":9},"end":{"line":146,"column":5}},{"start":{"line":122,"column":9},"end":{"line":146,"column":5}}],"line":122},"7":{"loc":{"start":{"line":125,"column":8},"end":{"line":128,"column":9}},"type":"if","locations":[{"start":{"line":125,"column":8},"end":{"line":128,"column":9}},{"start":{"line":125,"column":8},"end":{"line":128,"column":9}}],"line":125},"8":{"loc":{"start":{"line":129,"column":27},"end":{"line":129,"column":41}},"type":"cond-expr","locations":[{"start":{"line":129,"column":31},"end":{"line":129,"column":36}},{"start":{"line":129,"column":37},"end":{"line":129,"column":41}}],"line":129},"9":{"loc":{"start":{"line":135,"column":8},"end":{"line":142,"column":9}},"type":"if","locations":[{"start":{"line":135,"column":8},"end":{"line":142,"column":9}},{"start":{"line":135,"column":8},"end":{"line":142,"column":9}}],"line":135},"10":{"loc":{"start":{"line":139,"column":13},"end":{"line":142,"column":9}},"type":"if","locations":[{"start":{"line":139,"column":13},"end":{"line":142,"column":9}},{"start":{"line":139,"column":13},"end":{"line":142,"column":9}}],"line":139},"11":{"loc":{"start":{"line":139,"column":18},"end":{"line":139,"column":38}},"type":"binary-expr","locations":[{"start":{"line":139,"column":18},"end":{"line":139,"column":26}},{"start":{"line":139,"column":30},"end":{"line":139,"column":38}}],"line":139},"12":{"loc":{"start":{"line":143,"column":31},"end":{"line":143,"column":45}},"type":"cond-expr","locations":[{"start":{"line":143,"column":35},"end":{"line":143,"column":40}},{"start":{"line":143,"column":41},"end":{"line":143,"column":45}}],"line":143},"13":{"loc":{"start":{"line":147,"column":27},"end":{"line":147,"column":90}},"type":"binary-expr","locations":[{"start":{"line":147,"column":27},"end":{"line":147,"column":48}},{"start":{"line":147,"column":50},"end":{"line":147,"column":68}},{"start":{"line":147,"column":70},"end":{"line":147,"column":90}}],"line":147}},"s":{"0":1,"1":1,"2":7,"3":7,"4":0,"5":0,"6":0,"7":0,"8":0,"9":7,"10":0,"11":4,"12":0,"13":4,"14":7,"15":0,"16":0,"17":0,"18":0,"19":0,"20":0,"21":0,"22":0,"23":0,"24":0,"25":0,"26":0,"27":0,"28":0,"29":0,"30":0,"31":0,"32":0,"33":0,"34":0,"35":0,"36":0,"37":0,"38":0,"39":0,"40":0,"41":0,"42":0,"43":0,"44":0,"45":0,"46":0,"47":0,"48":13,"49":0},"f":{"0":7,"1":0,"2":0,"3":0,"4":7,"5":0,"6":4,"7":7,"8":0,"9":0,"10":0,"11":13,"12":0},"b":{"0":[0,0],"1":[0,4],"2":[0,0],"3":[0,0],"4":[0,0],"5":[0,0],"6":[0,0],"7":[0,0],"8":[0,0],"9":[0,0],"10":[0,0],"11":[0,0],"12":[0,0],"13":[0,0,0]},"_coverageSchema":"332fd63041d2c1bcb487cc26dd0d5f7d97098a6c","hash":"2a758e22715ce92ee63f4ff4cff279e3678957ca"},"C:\\Users\\saisa\\Downloads\\FlightBookingtoTrainee\\FlightBooking-toTrainee\\flight-booking\\src\\components\\GetBookings.js":{"path":"C:\\Users\\saisa\\Downloads\\FlightBookingtoTrainee\\FlightBooking-toTrainee\\flight-booking\\src\\components\\GetBookings.js","statementMap":{"0":{"start":{"line":6,"column":12},"end":{"line":6,"column":51}},"1":{"start":{"line":7,"column":13},"end":{"line":7,"column":51}},"2":{"start":{"line":11,"column":4},"end":{"line":11,"column":17}},"3":{"start":{"line":12,"column":4},"end":{"line":18,"column":6}},"4":{"start":{"line":22,"column":2},"end":{"line":22,"column":21}},"5":{"start":{"line":27,"column":14},"end":{"line":27,"column":26}},"6":{"start":{"line":28,"column":4},"end":{"line":28,"column":38}},"7":{"start":{"line":29,"column":4},"end":{"line":29,"column":36}},"8":{"start":{"line":40,"column":3},"end":{"line":50,"column":5}},"9":{"start":{"line":42,"column":5},"end":{"line":42,"column":47}},"10":{"start":{"line":43,"column":5},"end":{"line":43,"column":31}},"11":{"start":{"line":46,"column":5},"end":{"line":49,"column":84}},"12":{"start":{"line":47,"column":5},"end":{"line":47,"column":81}},"13":{"start":{"line":49,"column":5},"end":{"line":49,"column":84}},"14":{"start":{"line":58,"column":15},"end":{"line":58,"column":27}},"15":{"start":{"line":59,"column":0},"end":{"line":59,"column":18}},"16":{"start":{"line":60,"column":3},"end":{"line":67,"column":5}},"17":{"start":{"line":61,"column":5},"end":{"line":61,"column":74}},"18":{"start":{"line":62,"column":5},"end":{"line":62,"column":24}},"19":{"start":{"line":65,"column":4},"end":{"line":66,"column":80}},"20":{"start":{"line":66,"column":4},"end":{"line":66,"column":80}},"21":{"start":{"line":71,"column":28},"end":{"line":71,"column":38}},"22":{"start":{"line":72,"column":0},"end":{"line":73,"column":77}},"23":{"start":{"line":73,"column":0},"end":{"line":73,"column":77}},"24":{"start":{"line":75,"column":4},"end":{"line":125,"column":6}},"25":{"start":{"line":106,"column":30},"end":{"line":113,"column":35}}},"fnMap":{"0":{"name":"(anonymous_0)","decl":{"start":{"line":10,"column":2},"end":{"line":10,"column":3}},"loc":{"start":{"line":10,"column":21},"end":{"line":19,"column":3}},"line":10},"1":{"name":"(anonymous_1)","decl":{"start":{"line":20,"column":0},"end":{"line":20,"column":1}},"loc":{"start":{"line":21,"column":0},"end":{"line":23,"column":1}},"line":21},"2":{"name":"(anonymous_2)","decl":{"start":{"line":25,"column":18},"end":{"line":25,"column":19}},"loc":{"start":{"line":25,"column":29},"end":{"line":33,"column":3}},"line":25},"3":{"name":"(anonymous_3)","decl":{"start":{"line":35,"column":17},"end":{"line":35,"column":18}},"loc":{"start":{"line":35,"column":23},"end":{"line":51,"column":3}},"line":35},"4":{"name":"(anonymous_4)","decl":{"start":{"line":40,"column":23},"end":{"line":40,"column":24}},"loc":{"start":{"line":41,"column":3},"end":{"line":44,"column":4}},"line":41},"5":{"name":"(anonymous_5)","decl":{"start":{"line":44,"column":12},"end":{"line":44,"column":13}},"loc":{"start":{"line":45,"column":3},"end":{"line":50,"column":4}},"line":45},"6":{"name":"(anonymous_6)","decl":{"start":{"line":53,"column":18},"end":{"line":53,"column":19}},"loc":{"start":{"line":53,"column":29},"end":{"line":68,"column":3}},"line":53},"7":{"name":"(anonymous_7)","decl":{"start":{"line":60,"column":33},"end":{"line":60,"column":34}},"loc":{"start":{"line":60,"column":45},"end":{"line":63,"column":4}},"line":60},"8":{"name":"(anonymous_8)","decl":{"start":{"line":63,"column":12},"end":{"line":63,"column":13}},"loc":{"start":{"line":64,"column":3},"end":{"line":67,"column":4}},"line":64},"9":{"name":"(anonymous_9)","decl":{"start":{"line":70,"column":2},"end":{"line":70,"column":3}},"loc":{"start":{"line":70,"column":11},"end":{"line":126,"column":3}},"line":70},"10":{"name":"(anonymous_10)","decl":{"start":{"line":104,"column":55},"end":{"line":104,"column":56}},"loc":{"start":{"line":105,"column":28},"end":{"line":114,"column":29}},"line":105}},"branchMap":{"0":{"loc":{"start":{"line":46,"column":5},"end":{"line":49,"column":84}},"type":"if","locations":[{"start":{"line":46,"column":5},"end":{"line":49,"column":84}},{"start":{"line":46,"column":5},"end":{"line":49,"column":84}}],"line":46},"1":{"loc":{"start":{"line":65,"column":4},"end":{"line":66,"column":80}},"type":"if","locations":[{"start":{"line":65,"column":4},"end":{"line":66,"column":80}},{"start":{"line":65,"column":4},"end":{"line":66,"column":80}}],"line":65},"2":{"loc":{"start":{"line":72,"column":0},"end":{"line":73,"column":77}},"type":"if","locations":[{"start":{"line":72,"column":0},"end":{"line":73,"column":77}},{"start":{"line":72,"column":0},"end":{"line":73,"column":77}}],"line":72}},"s":{"0":1,"1":1,"2":0,"3":0,"4":0,"5":0,"6":0,"7":0,"8":0,"9":0,"10":0,"11":0,"12":0,"13":0,"14":0,"15":0,"16":0,"17":0,"18":0,"19":0,"20":0,"21":0,"22":0,"23":0,"24":0,"25":0},"f":{"0":0,"1":0,"2":0,"3":0,"4":0,"5":0,"6":0,"7":0,"8":0,"9":0,"10":0},"b":{"0":[0,0],"1":[0,0],"2":[0,0]},"_coverageSchema":"332fd63041d2c1bcb487cc26dd0d5f7d97098a6c","hash":"2c009fbc0c2b87c00336ecb1d4a3aabff23fa5de"},"C:\\Users\\saisa\\Downloads\\FlightBookingtoTrainee\\FlightBooking-toTrainee\\flight-booking\\src\\components\\updateBooking.js":{"path":"C:\\Users\\saisa\\Downloads\\FlightBookingtoTrainee\\FlightBooking-toTrainee\\flight-booking\\src\\components\\updateBooking.js","statementMap":{"0":{"start":{"line":4,"column":12},"end":{"line":4,"column":50}},"1":{"start":{"line":8,"column":8},"end":{"line":8,"column":21}},"2":{"start":{"line":9,"column":8},"end":{"line":26,"column":10}},"3":{"start":{"line":53,"column":8},"end":{"line":72,"column":10}}},"fnMap":{"0":{"name":"(anonymous_0)","decl":{"start":{"line":7,"column":4},"end":{"line":7,"column":5}},"loc":{"start":{"line":7,"column":23},"end":{"line":27,"column":5}},"line":7},"1":{"name":"(anonymous_1)","decl":{"start":{"line":30,"column":20},"end":{"line":30,"column":21}},"loc":{"start":{"line":30,"column":26},"end":{"line":35,"column":5}},"line":30},"2":{"name":"(anonymous_2)","decl":{"start":{"line":37,"column":19},"end":{"line":37,"column":20}},"loc":{"start":{"line":37,"column":30},"end":{"line":39,"column":5}},"line":37},"3":{"name":"(anonymous_3)","decl":{"start":{"line":41,"column":19},"end":{"line":41,"column":20}},"loc":{"start":{"line":41,"column":30},"end":{"line":46,"column":5}},"line":41},"4":{"name":"(anonymous_4)","decl":{"start":{"line":48,"column":20},"end":{"line":48,"column":21}},"loc":{"start":{"line":48,"column":42},"end":{"line":50,"column":5}},"line":48},"5":{"name":"(anonymous_5)","decl":{"start":{"line":52,"column":4},"end":{"line":52,"column":5}},"loc":{"start":{"line":52,"column":13},"end":{"line":73,"column":5}},"line":52}},"branchMap":{},"s":{"0":1,"1":0,"2":0,"3":0},"f":{"0":0,"1":0,"2":0,"3":0,"4":0,"5":0},"b":{},"_coverageSchema":"332fd63041d2c1bcb487cc26dd0d5f7d97098a6c","hash":"8a3110d8c3d0e599274f310d95d32c253d0c7865"},"C:\\Users\\saisa\\Downloads\\FlightBookingtoTrainee\\FlightBooking-toTrainee\\flight-booking\\src\\index.js":{"path":"C:\\Users\\saisa\\Downloads\\FlightBookingtoTrainee\\FlightBooking-toTrainee\\flight-booking\\src\\index.js","statementMap":{"0":{"start":{"line":1,"column":32},"end":{"line":1,"column":141}},"1":{"start":{"line":1,"column":155},"end":{"line":1,"column":171}},"2":{"start":{"line":1,"column":186},"end":{"line":1,"column":216}},"3":{"start":{"line":2,"column":16},"end":{"line":2,"column":36}},"4":{"start":{"line":2,"column":54},"end":{"line":2,"column":87}},"5":{"start":{"line":3,"column":0},"end":{"line":3,"column":23}},"6":{"start":{"line":4,"column":11},"end":{"line":4,"column":27}},"7":{"start":{"line":4,"column":40},"end":{"line":4,"column":68}},"8":{"start":{"line":5,"column":29},"end":{"line":5,"column":63}},"9":{"start":{"line":5,"column":94},"end":{"line":5,"column":140}},"10":{"start":{"line":6,"column":0},"end":{"line":6,"column":48}},"11":{"start":{"line":7,"column":0},"end":{"line":7,"column":33}},"12":{"start":{"line":8,"column":0},"end":{"line":8,"column":46}},"13":{"start":{"line":8,"column":84},"end":{"line":8,"column":138}},"14":{"start":{"line":10,"column":0},"end":{"line":10,"column":182}},"15":{"start":{"line":12,"column":0},"end":{"line":12,"column":39}}},"fnMap":{"0":{"name":"_interopRequireDefault","decl":{"start":{"line":8,"column":55},"end":{"line":8,"column":77}},"loc":{"start":{"line":8,"column":83},"end":{"line":8,"column":139}},"line":8}},"branchMap":{"0":{"loc":{"start":{"line":8,"column":91},"end":{"line":8,"column":137}},"type":"cond-expr","locations":[{"start":{"line":8,"column":115},"end":{"line":8,"column":118}},{"start":{"line":8,"column":121},"end":{"line":8,"column":137}}],"line":8},"1":{"loc":{"start":{"line":8,"column":91},"end":{"line":8,"column":112}},"type":"binary-expr","locations":[{"start":{"line":8,"column":91},"end":{"line":8,"column":94}},{"start":{"line":8,"column":98},"end":{"line":8,"column":112}}],"line":8}},"s":{"0":0,"1":0,"2":0,"3":0,"4":0,"5":0,"6":0,"7":0,"8":0,"9":0,"10":0,"11":0,"12":0,"13":0,"14":0,"15":0},"f":{"0":0},"b":{"0":[0,0],"1":[0,0]}},"C:\\Users\\saisa\\Downloads\\FlightBookingtoTrainee\\FlightBooking-toTrainee\\flight-booking\\src\\App.js":{"path":"C:\\Users\\saisa\\Downloads\\FlightBookingtoTrainee\\FlightBooking-toTrainee\\flight-booking\\src\\App.js","statementMap":{"0":{"start":{"line":1,"column":13},"end":{"line":1,"column":75}},"1":{"start":{"line":1,"column":94},"end":{"line":1,"column":201}},"2":{"start":{"line":6,"column":13},"end":{"line":6,"column":29}},"3":{"start":{"line":6,"column":44},"end":{"line":6,"column":74}},"4":{"start":{"line":6,"column":97},"end":{"line":6,"column":124}},"5":{"start":{"line":6,"column":142},"end":{"line":6,"column":175}},"6":{"start":{"line":6,"column":194},"end":{"line":6,"column":228}},"7":{"start":{"line":7,"column":0},"end":{"line":7,"column":21}},"8":{"start":{"line":8,"column":21},"end":{"line":8,"column":58}},"9":{"start":{"line":8,"column":81},"end":{"line":8,"column":119}},"10":{"start":{"line":9,"column":19},"end":{"line":9,"column":54}},"11":{"start":{"line":9,"column":75},"end":{"line":9,"column":111}},"12":{"start":{"line":10,"column":21},"end":{"line":10,"column":58}},"13":{"start":{"line":10,"column":81},"end":{"line":10,"column":119}},"14":{"start":{"line":10,"column":158},"end":{"line":10,"column":212}},"15":{"start":{"line":13,"column":4},"end":{"line":36,"column":209}},"16":{"start":{"line":40,"column":4},"end":{"line":43,"column":8}}},"fnMap":{"0":{"name":"_interopRequireDefault","decl":{"start":{"line":10,"column":129},"end":{"line":10,"column":151}},"loc":{"start":{"line":10,"column":157},"end":{"line":10,"column":213}},"line":10},"1":{"name":"(anonymous_1)","decl":{"start":{"line":12,"column":2},"end":{"line":12,"column":3}},"loc":{"start":{"line":12,"column":11},"end":{"line":40,"column":3}},"line":12}},"branchMap":{"0":{"loc":{"start":{"line":10,"column":165},"end":{"line":10,"column":211}},"type":"cond-expr","locations":[{"start":{"line":10,"column":189},"end":{"line":10,"column":192}},{"start":{"line":10,"column":195},"end":{"line":10,"column":211}}],"line":10},"1":{"loc":{"start":{"line":10,"column":165},"end":{"line":10,"column":186}},"type":"binary-expr","locations":[{"start":{"line":10,"column":165},"end":{"line":10,"column":168}},{"start":{"line":10,"column":172},"end":{"line":10,"column":186}}],"line":10}},"s":{"0":0,"1":0,"2":0,"3":0,"4":0,"5":0,"6":0,"7":0,"8":0,"9":0,"10":0,"11":0,"12":0,"13":0,"14":0,"15":0,"16":0},"f":{"0":0,"1":0},"b":{"0":[0,0],"1":[0,0]}},"C:\\Users\\saisa\\Downloads\\FlightBookingtoTrainee\\FlightBooking-toTrainee\\flight-booking\\src\\registerServiceWorker.js":{"path":"C:\\Users\\saisa\\Downloads\\FlightBookingtoTrainee\\FlightBooking-toTrainee\\flight-booking\\src\\registerServiceWorker.js","statementMap":{"0":{"start":{"line":1,"column":13},"end":{"line":1,"column":75}},"1":{"start":{"line":1,"column":75},"end":{"line":21,"column":9}},"2":{"start":{"line":21,"column":9},"end":{"line":111,"column":24}},"3":{"start":{"line":118,"column":20},"end":{"line":120,"column":89}},"4":{"start":{"line":120,"column":111},"end":{"line":128,"column":36}},"5":{"start":{"line":121,"column":22},"end":{"line":121,"column":70}},"6":{"start":{"line":121,"column":71},"end":{"line":124,"column":14}},"7":{"start":{"line":124,"column":6},"end":{"line":124,"column":13}},"8":{"start":{"line":124,"column":14},"end":{"line":128,"column":35}},"9":{"start":{"line":124,"column":67},"end":{"line":124,"column":112}},"10":{"start":{"line":124,"column":113},"end":{"line":128,"column":32}},"11":{"start":{"line":125,"column":8},"end":{"line":125,"column":39}},"12":{"start":{"line":127,"column":8},"end":{"line":127,"column":178}},"13":{"start":{"line":127,"column":50},"end":{"line":127,"column":175}},"14":{"start":{"line":128,"column":8},"end":{"line":128,"column":31}},"15":{"start":{"line":128,"column":70},"end":{"line":135,"column":156}},"16":{"start":{"line":128,"column":132},"end":{"line":135,"column":68}},"17":{"start":{"line":128,"column":193},"end":{"line":128,"column":216}},"18":{"start":{"line":128,"column":217},"end":{"line":135,"column":66}},"19":{"start":{"line":128,"column":257},"end":{"line":135,"column":64}},"20":{"start":{"line":128,"column":302},"end":{"line":135,"column":63}},"21":{"start":{"line":132,"column":12},"end":{"line":132,"column":69}},"22":{"start":{"line":135,"column":12},"end":{"line":135,"column":62}},"23":{"start":{"line":135,"column":87},"end":{"line":135,"column":153}},"24":{"start":{"line":136,"column":2},"end":{"line":139,"column":126}},"25":{"start":{"line":137,"column":4},"end":{"line":139,"column":30}},"26":{"start":{"line":138,"column":6},"end":{"line":138,"column":127}},"27":{"start":{"line":138,"column":58},"end":{"line":138,"column":124}},"28":{"start":{"line":138,"column":96},"end":{"line":138,"column":121}},"29":{"start":{"line":139,"column":6},"end":{"line":139,"column":29}},"30":{"start":{"line":139,"column":46},"end":{"line":139,"column":123}},"31":{"start":{"line":139,"column":150},"end":{"line":139,"column":267}},"32":{"start":{"line":139,"column":185},"end":{"line":139,"column":266}},"33":{"start":{"line":139,"column":237},"end":{"line":139,"column":263}}},"fnMap":{"0":{"name":"register","decl":{"start":{"line":120,"column":99},"end":{"line":120,"column":107}},"loc":{"start":{"line":120,"column":110},"end":{"line":128,"column":37}},"line":120},"1":{"name":"(anonymous_1)","decl":{"start":{"line":124,"column":46},"end":{"line":124,"column":47}},"loc":{"start":{"line":124,"column":52},"end":{"line":128,"column":33}},"line":124},"2":{"name":"(anonymous_2)","decl":{"start":{"line":127,"column":43},"end":{"line":127,"column":44}},"loc":{"start":{"line":127,"column":49},"end":{"line":127,"column":176}},"line":127},"3":{"name":"registerValidSW","decl":{"start":{"line":128,"column":46},"end":{"line":128,"column":61}},"loc":{"start":{"line":128,"column":69},"end":{"line":135,"column":157}},"line":128},"4":{"name":"(anonymous_4)","decl":{"start":{"line":128,"column":115},"end":{"line":128,"column":116}},"loc":{"start":{"line":128,"column":131},"end":{"line":135,"column":69}},"line":128},"5":{"name":"(anonymous_5)","decl":{"start":{"line":128,"column":161},"end":{"line":128,"column":162}},"loc":{"start":{"line":128,"column":167},"end":{"line":135,"column":67}},"line":128},"6":{"name":"(anonymous_6)","decl":{"start":{"line":128,"column":250},"end":{"line":128,"column":251}},"loc":{"start":{"line":128,"column":256},"end":{"line":135,"column":65}},"line":128},"7":{"name":"(anonymous_7)","decl":{"start":{"line":135,"column":77},"end":{"line":135,"column":78}},"loc":{"start":{"line":135,"column":86},"end":{"line":135,"column":154}},"line":135},"8":{"name":"checkValidServiceWorker","decl":{"start":{"line":135,"column":166},"end":{"line":135,"column":189}},"loc":{"start":{"line":135,"column":197},"end":{"line":139,"column":127}},"line":135},"9":{"name":"(anonymous_9)","decl":{"start":{"line":136,"column":20},"end":{"line":136,"column":21}},"loc":{"start":{"line":136,"column":32},"end":{"line":139,"column":31}},"line":136},"10":{"name":"(anonymous_10)","decl":{"start":{"line":138,"column":41},"end":{"line":138,"column":42}},"loc":{"start":{"line":138,"column":57},"end":{"line":138,"column":125}},"line":138},"11":{"name":"(anonymous_11)","decl":{"start":{"line":138,"column":89},"end":{"line":138,"column":90}},"loc":{"start":{"line":138,"column":95},"end":{"line":138,"column":122}},"line":138},"12":{"name":"(anonymous_12)","decl":{"start":{"line":139,"column":39},"end":{"line":139,"column":40}},"loc":{"start":{"line":139,"column":45},"end":{"line":139,"column":124}},"line":139},"13":{"name":"unregister","decl":{"start":{"line":139,"column":136},"end":{"line":139,"column":146}},"loc":{"start":{"line":139,"column":149},"end":{"line":139,"column":268}},"line":139},"14":{"name":"(anonymous_14)","decl":{"start":{"line":139,"column":220},"end":{"line":139,"column":221}},"loc":{"start":{"line":139,"column":236},"end":{"line":139,"column":264}},"line":139}},"branchMap":{"0":{"loc":{"start":{"line":118,"column":28},"end":{"line":120,"column":88}},"type":"binary-expr","locations":[{"start":{"line":118,"column":28},"end":{"line":118,"column":68}},{"start":{"line":119,"column":0},"end":{"line":119,"column":36}},{"start":{"line":120,"column":0},"end":{"line":120,"column":88}}],"line":118},"1":{"loc":{"start":{"line":120,"column":111},"end":{"line":128,"column":36}},"type":"if","locations":[{"start":{"line":120,"column":111},"end":{"line":128,"column":36}},{"start":{"line":120,"column":111},"end":{"line":128,"column":36}}],"line":120},"2":{"loc":{"start":{"line":120,"column":115},"end":{"line":120,"column":184}},"type":"binary-expr","locations":[{"start":{"line":120,"column":115},"end":{"line":120,"column":152}},{"start":{"line":120,"column":156},"end":{"line":120,"column":184}}],"line":120},"3":{"loc":{"start":{"line":121,"column":71},"end":{"line":124,"column":14}},"type":"if","locations":[{"start":{"line":121,"column":71},"end":{"line":124,"column":14}},{"start":{"line":121,"column":71},"end":{"line":124,"column":14}}],"line":121},"4":{"loc":{"start":{"line":124,"column":113},"end":{"line":128,"column":32}},"type":"if","locations":[{"start":{"line":124,"column":113},"end":{"line":128,"column":32}},{"start":{"line":124,"column":113},"end":{"line":128,"column":32}}],"line":124},"5":{"loc":{"start":{"line":128,"column":257},"end":{"line":135,"column":64}},"type":"if","locations":[{"start":{"line":128,"column":257},"end":{"line":135,"column":64}},{"start":{"line":128,"column":257},"end":{"line":135,"column":64}}],"line":128},"6":{"loc":{"start":{"line":128,"column":302},"end":{"line":135,"column":63}},"type":"if","locations":[{"start":{"line":128,"column":302},"end":{"line":135,"column":63}},{"start":{"line":128,"column":302},"end":{"line":135,"column":63}}],"line":128},"7":{"loc":{"start":{"line":137,"column":4},"end":{"line":139,"column":30}},"type":"if","locations":[{"start":{"line":137,"column":4},"end":{"line":139,"column":30}},{"start":{"line":137,"column":4},"end":{"line":139,"column":30}}],"line":137},"8":{"loc":{"start":{"line":137,"column":8},"end":{"line":137,"column":100}},"type":"binary-expr","locations":[{"start":{"line":137,"column":8},"end":{"line":137,"column":31}},{"start":{"line":137,"column":35},"end":{"line":137,"column":100}}],"line":137},"9":{"loc":{"start":{"line":139,"column":150},"end":{"line":139,"column":267}},"type":"if","locations":[{"start":{"line":139,"column":150},"end":{"line":139,"column":267}},{"start":{"line":139,"column":150},"end":{"line":139,"column":267}}],"line":139}},"s":{"0":0,"1":0,"2":0,"3":0,"4":0,"5":0,"6":0,"7":0,"8":0,"9":0,"10":0,"11":0,"12":0,"13":0,"14":0,"15":0,"16":0,"17":0,"18":0,"19":0,"20":0,"21":0,"22":0,"23":0,"24":0,"25":0,"26":0,"27":0,"28":0,"29":0,"30":0,"31":0,"32":0,"33":0},"f":{"0":0,"1":0,"2":0,"3":0,"4":0,"5":0,"6":0,"7":0,"8":0,"9":0,"10":0,"11":0,"12":0,"13":0,"14":0},"b":{"0":[0,0,0],"1":[0,0],"2":[0,0],"3":[0,0],"4":[0,0],"5":[0,0],"6":[0,0],"7":[0,0],"8":[0,0],"9":[0,0]}},"C:\\Users\\saisa\\Downloads\\FlightBookingtoTrainee\\FlightBooking-toTrainee\\flight-booking\\src\\components\\evaluator.js":{"path":"C:\\Users\\saisa\\Downloads\\FlightBookingtoTrainee\\FlightBooking-toTrainee\\flight-booking\\src\\components\\evaluator.js","statementMap":{"0":{"start":{"line":1,"column":13},"end":{"line":1,"column":75}},"1":{"start":{"line":1,"column":94},"end":{"line":1,"column":219}},"2":{"start":{"line":1,"column":233},"end":{"line":1,"column":249}},"3":{"start":{"line":1,"column":264},"end":{"line":1,"column":294}},"4":{"start":{"line":2,"column":0},"end":{"line":2,"column":22}},"5":{"start":{"line":3,"column":13},"end":{"line":3,"column":29}},"6":{"start":{"line":3,"column":44},"end":{"line":3,"column":74}},"7":{"start":{"line":3,"column":113},"end":{"line":3,"column":167}},"8":{"start":{"line":7,"column":8},"end":{"line":7,"column":21}},"9":{"start":{"line":7,"column":21},"end":{"line":26,"column":10}},"10":{"start":{"line":16,"column":12},"end":{"line":16,"column":47}},"11":{"start":{"line":17,"column":12},"end":{"line":25,"column":15}},"12":{"start":{"line":18,"column":16},"end":{"line":18,"column":60}},"13":{"start":{"line":20,"column":16},"end":{"line":24,"column":17}},"14":{"start":{"line":21,"column":20},"end":{"line":21,"column":55}},"15":{"start":{"line":23,"column":20},"end":{"line":23,"column":42}},"16":{"start":{"line":26,"column":10},"end":{"line":55,"column":10}},"17":{"start":{"line":29,"column":29},"end":{"line":29,"column":48}},"18":{"start":{"line":30,"column":31},"end":{"line":30,"column":33}},"19":{"start":{"line":30,"column":43},"end":{"line":30,"column":44}},"20":{"start":{"line":30,"column":59},"end":{"line":30,"column":61}},"21":{"start":{"line":30,"column":75},"end":{"line":30,"column":77}},"22":{"start":{"line":31,"column":12},"end":{"line":54,"column":13}},"23":{"start":{"line":32,"column":16},"end":{"line":49,"column":17}},"24":{"start":{"line":33,"column":34},"end":{"line":33,"column":36}},"25":{"start":{"line":34,"column":20},"end":{"line":42,"column":21}},"26":{"start":{"line":35,"column":24},"end":{"line":35,"column":55}},"27":{"start":{"line":36,"column":24},"end":{"line":36,"column":153}},"28":{"start":{"line":37,"column":24},"end":{"line":37,"column":37}},"29":{"start":{"line":38,"column":27},"end":{"line":42,"column":21}},"30":{"start":{"line":39,"column":24},"end":{"line":39,"column":46}},"31":{"start":{"line":40,"column":24},"end":{"line":40,"column":53}},"32":{"start":{"line":41,"column":24},"end":{"line":41,"column":153}},"33":{"start":{"line":43,"column":34},"end":{"line":45,"column":286}},"34":{"start":{"line":47,"column":20},"end":{"line":47,"column":47}},"35":{"start":{"line":48,"column":20},"end":{"line":48,"column":25}},"36":{"start":{"line":50,"column":16},"end":{"line":50,"column":36}},"37":{"start":{"line":52,"column":16},"end":{"line":52,"column":49}},"38":{"start":{"line":55,"column":10},"end":{"line":61,"column":10}},"39":{"start":{"line":58,"column":12},"end":{"line":60,"column":90}},"40":{"start":{"line":59,"column":30},"end":{"line":59,"column":51}},"41":{"start":{"line":60,"column":26},"end":{"line":60,"column":60}},"42":{"start":{"line":60,"column":60},"end":{"line":60,"column":87}},"43":{"start":{"line":61,"column":10},"end":{"line":70,"column":10}},"44":{"start":{"line":64,"column":12},"end":{"line":64,"column":46}},"45":{"start":{"line":65,"column":12},"end":{"line":69,"column":15}},"46":{"start":{"line":66,"column":16},"end":{"line":66,"column":57}},"47":{"start":{"line":68,"column":16},"end":{"line":68,"column":28}},"48":{"start":{"line":70,"column":10},"end":{"line":70,"column":75}},"49":{"start":{"line":73,"column":8},"end":{"line":133,"column":244}},"50":{"start":{"line":148,"column":6},"end":{"line":152,"column":10}}},"fnMap":{"0":{"name":"_interopRequireDefault","decl":{"start":{"line":3,"column":84},"end":{"line":3,"column":106}},"loc":{"start":{"line":3,"column":112},"end":{"line":3,"column":168}},"line":3},"1":{"name":"(anonymous_1)","decl":{"start":{"line":6,"column":4},"end":{"line":6,"column":5}},"loc":{"start":{"line":6,"column":23},"end":{"line":70,"column":76}},"line":6},"2":{"name":"(anonymous_2)","decl":{"start":{"line":15,"column":18},"end":{"line":15,"column":19}},"loc":{"start":{"line":15,"column":24},"end":{"line":26,"column":9}},"line":15},"3":{"name":"(anonymous_3)","decl":{"start":{"line":17,"column":70},"end":{"line":17,"column":71}},"loc":{"start":{"line":17,"column":82},"end":{"line":19,"column":13}},"line":17},"4":{"name":"(anonymous_4)","decl":{"start":{"line":19,"column":21},"end":{"line":19,"column":22}},"loc":{"start":{"line":19,"column":30},"end":{"line":25,"column":13}},"line":19},"5":{"name":"(anonymous_5)","decl":{"start":{"line":28,"column":26},"end":{"line":28,"column":27}},"loc":{"start":{"line":28,"column":32},"end":{"line":55,"column":9}},"line":28},"6":{"name":"(anonymous_6)","decl":{"start":{"line":57,"column":22},"end":{"line":57,"column":23}},"loc":{"start":{"line":57,"column":28},"end":{"line":61,"column":9}},"line":57},"7":{"name":"(anonymous_7)","decl":{"start":{"line":59,"column":17},"end":{"line":59,"column":18}},"loc":{"start":{"line":59,"column":29},"end":{"line":59,"column":52}},"line":59},"8":{"name":"(anonymous_8)","decl":{"start":{"line":60,"column":18},"end":{"line":60,"column":19}},"loc":{"start":{"line":60,"column":25},"end":{"line":60,"column":88}},"line":60},"9":{"name":"(anonymous_9)","decl":{"start":{"line":63,"column":19},"end":{"line":63,"column":20}},"loc":{"start":{"line":63,"column":25},"end":{"line":70,"column":9}},"line":63},"10":{"name":"(anonymous_10)","decl":{"start":{"line":65,"column":43},"end":{"line":65,"column":44}},"loc":{"start":{"line":65,"column":51},"end":{"line":67,"column":13}},"line":65},"11":{"name":"(anonymous_11)","decl":{"start":{"line":67,"column":21},"end":{"line":67,"column":22}},"loc":{"start":{"line":67,"column":28},"end":{"line":69,"column":13}},"line":67},"12":{"name":"(anonymous_12)","decl":{"start":{"line":72,"column":4},"end":{"line":72,"column":5}},"loc":{"start":{"line":72,"column":13},"end":{"line":148,"column":5}},"line":72}},"branchMap":{"0":{"loc":{"start":{"line":3,"column":120},"end":{"line":3,"column":166}},"type":"cond-expr","locations":[{"start":{"line":3,"column":144},"end":{"line":3,"column":147}},{"start":{"line":3,"column":150},"end":{"line":3,"column":166}}],"line":3},"1":{"loc":{"start":{"line":3,"column":120},"end":{"line":3,"column":141}},"type":"binary-expr","locations":[{"start":{"line":3,"column":120},"end":{"line":3,"column":123}},{"start":{"line":3,"column":127},"end":{"line":3,"column":141}}],"line":3},"2":{"loc":{"start":{"line":20,"column":16},"end":{"line":24,"column":17}},"type":"if","locations":[{"start":{"line":20,"column":16},"end":{"line":24,"column":17}},{"start":{"line":20,"column":16},"end":{"line":24,"column":17}}],"line":20},"3":{"loc":{"start":{"line":31,"column":12},"end":{"line":54,"column":13}},"type":"if","locations":[{"start":{"line":31,"column":12},"end":{"line":54,"column":13}},{"start":{"line":31,"column":12},"end":{"line":54,"column":13}}],"line":31},"4":{"loc":{"start":{"line":34,"column":20},"end":{"line":42,"column":21}},"type":"if","locations":[{"start":{"line":34,"column":20},"end":{"line":42,"column":21}},{"start":{"line":34,"column":20},"end":{"line":42,"column":21}}],"line":34},"5":{"loc":{"start":{"line":38,"column":27},"end":{"line":42,"column":21}},"type":"if","locations":[{"start":{"line":38,"column":27},"end":{"line":42,"column":21}},{"start":{"line":38,"column":27},"end":{"line":42,"column":21}}],"line":38},"6":{"loc":{"start":{"line":76,"column":16},"end":{"line":83,"column":20}},"type":"cond-expr","locations":[{"start":{"line":77,"column":16},"end":{"line":80,"column":159}},{"start":{"line":83,"column":16},"end":{"line":83,"column":20}}],"line":76},"7":{"loc":{"start":{"line":108,"column":40},"end":{"line":133,"column":235}},"type":"cond-expr","locations":[{"start":{"line":109,"column":40},"end":{"line":123,"column":77}},{"start":{"line":128,"column":40},"end":{"line":133,"column":235}}],"line":108}},"s":{"0":0,"1":0,"2":0,"3":0,"4":0,"5":0,"6":0,"7":0,"8":0,"9":0,"10":0,"11":0,"12":0,"13":0,"14":0,"15":0,"16":0,"17":0,"18":0,"19":0,"20":0,"21":0,"22":0,"23":0,"24":0,"25":0,"26":0,"27":0,"28":0,"29":0,"30":0,"31":0,"32":0,"33":0,"34":0,"35":0,"36":0,"37":0,"38":0,"39":0,"40":0,"41":0,"42":0,"43":0,"44":0,"45":0,"46":0,"47":0,"48":0,"49":0,"50":0},"f":{"0":0,"1":0,"2":0,"3":0,"4":0,"5":0,"6":0,"7":0,"8":0,"9":0,"10":0,"11":0,"12":0},"b":{"0":[0,0],"1":[0,0],"2":[0,0],"3":[0,0],"4":[0,0],"5":[0,0],"6":[0,0],"7":[0,0]}}}}